12:04:51.648704|CRITICAL|            Ptr:13  |=======================================================
12:04:51.648891|CRITICAL|            Ptr:13  |Log started on Wed Jun 20 12:04:51 2012, log level=DEBUG
12:04:51.648952|CRITICAL|            Ptr:13  |-------------------------------------------------------
12:04:51.649121|   DEBUG|            Ptr:137 |byte is \000 (0x00)
12:04:51.649259|   DEBUG|            Ptr:137 |byte is \000 (0x00)
12:04:51.649401|   DEBUG|            Ptr:137 |byte is \002 (0x02)
12:04:51.649552|   DEBUG|            Ptr:137 |byte is \032 (0x1a)
12:04:51.649683|   DEBUG|            Ptr:137 |byte is \027 (0x17)
12:04:51.649814|   DEBUG|            Ptr:137 |byte is \340 (0xe0)
12:04:51.649944|   DEBUG|            Ptr:137 |byte is \047 (0x27)
12:04:51.650074|   DEBUG|            Ptr:137 |byte is \277 (0xbf)
12:04:51.650204|   DEBUG|            Ptr:137 |byte is \077 (0x3f)
12:04:51.650334|   DEBUG|            Ptr:137 |byte is \360 (0xf0)
12:04:51.650464|   DEBUG|            Ptr:137 |byte is \204 (0x84)
12:04:51.650594|   DEBUG|            Ptr:137 |byte is \001 (0x01)
12:04:51.650724|   DEBUG|            Ptr:137 |byte is \027 (0x17)
12:04:51.650853|   DEBUG|            Ptr:137 |byte is \303 (0xc3)
12:04:51.650983|   DEBUG|            Ptr:137 |byte is \200 (0x80)
12:04:51.651114|   DEBUG|            Ptr:137 |byte is \006 (0x06)
12:04:51.651243|   DEBUG|            Ptr:137 |byte is \047 (0x27)
12:04:51.651373|   DEBUG|            Ptr:137 |byte is \377 (0xff)
12:04:51.651503|   DEBUG|            Ptr:137 |byte is \077 (0x3f)
12:04:51.651633|   DEBUG|            Ptr:137 |byte is \350 (0xe8)
12:04:51.651762|   DEBUG|            Ptr:137 |byte is \047 (0x27)
12:04:51.651893|   DEBUG|            Ptr:137 |byte is \376 (0xfe)
12:04:51.652022|   DEBUG|            Ptr:137 |byte is \177 (0x7f)
12:04:51.652153|   DEBUG|            Ptr:137 |byte is \330 (0xd8)
12:04:51.652283|   DEBUG|            Ptr:137 |byte is \027 (0x17)
12:04:51.652413|   DEBUG|            Ptr:137 |byte is \315 (0xcd)
12:04:51.652542|   DEBUG|            Ptr:137 |byte is \000 (0x00)
12:04:51.652785|   DEBUG|            Ptr:137 |byte is \000 (0x00)
12:04:51.652928|   DEBUG|            Ptr:137 |byte is \077 (0x3f)
12:04:51.653059|   DEBUG|            Ptr:137 |byte is \350 (0xe8)
12:04:51.653190|   DEBUG|            Ptr:137 |byte is \247 (0xa7)
12:04:51.653320|   DEBUG|            Ptr:137 |byte is \376 (0xfe)
12:04:51.653450|   DEBUG|            Ptr:137 |byte is \077 (0x3f)
12:04:51.653580|   DEBUG|            Ptr:137 |byte is \331 (0xd9)
12:04:51.653710|   DEBUG|            Ptr:137 |byte is \067 (0x37)
12:04:51.653840|   DEBUG|            Ptr:137 |byte is \376 (0xfe)
12:04:51.653970|   DEBUG|            Ptr:137 |byte is \067 (0x37)
12:04:51.654099|   DEBUG|            Ptr:137 |byte is \377 (0xff)
12:04:51.654229|   DEBUG|            Ptr:137 |byte is \027 (0x17)
12:04:51.654359|   DEBUG|            Ptr:137 |byte is \315 (0xcd)
12:04:51.654489|   DEBUG|            Ptr:137 |byte is \077 (0x3f)
12:04:51.654619|   DEBUG|            Ptr:137 |byte is \350 (0xe8)
12:04:51.654748|   DEBUG|            Ptr:137 |byte is \167 (0x77)
12:04:51.654879|   DEBUG|            Ptr:137 |byte is \277 (0xbf)
12:04:51.655009|   DEBUG|            Ptr:137 |byte is \204 (0x84)
12:04:51.655139|   DEBUG|            Ptr:137 |byte is \001 (0x01)
12:04:51.655269|   DEBUG|            Ptr:137 |byte is \027 (0x17)
12:04:51.655399|   DEBUG|            Ptr:137 |byte is \346 (0xe6)
12:04:51.655529|   DEBUG|            Ptr:137 |byte is \000 (0x00)
12:04:51.655659|   DEBUG|            Ptr:137 |byte is \000 (0x00)
12:04:51.655789|   DEBUG|            Ptr:137 |byte is \377 (0xff)
12:04:51.655919|   DEBUG|            Ptr:137 |byte is \377 (0xff)
12:04:51.656171|   DEBUG|            Ptr:137 |byte is \037 (0x1f)
12:04:51.656306|   DEBUG|            Ptr:137 |byte is \320 (0xd0)
12:04:51.656436|   DEBUG|            Ptr:137 |byte is \200 (0x80)
12:04:51.656566|   DEBUG|            Ptr:137 |byte is \010 (0x08)
12:04:51.656697|   DEBUG|            Ptr:137 |byte is \157 (0x6f)
12:04:51.656828|   DEBUG|            Ptr:137 |byte is \277 (0xbf)
12:04:51.656962|   DEBUG|            Ptr:137 |byte is \004 (0x04)
12:04:51.657094|   DEBUG|            Ptr:137 |byte is \004 (0x04)
12:04:51.657225|   DEBUG|            Ptr:137 |byte is \200 (0x80)
12:04:51.657355|   DEBUG|            Ptr:137 |byte is \004 (0x04)
12:04:51.657486|   DEBUG|            Ptr:137 |byte is \047 (0x27)
12:04:51.657616|   DEBUG|            Ptr:137 |byte is \277 (0xbf)
12:04:51.657745|   DEBUG|            Ptr:137 |byte is \227 (0x97)
12:04:51.657876|   DEBUG|            Ptr:137 |byte is \331 (0xd9)
12:04:51.658006|   DEBUG|            Ptr:137 |byte is \002 (0x02)
12:04:51.658136|   DEBUG|            Ptr:137 |byte is \061 (0x31)
12:04:51.658266|   DEBUG|            Ptr:137 |byte is \147 (0x67)
12:04:51.658395|   DEBUG|            Ptr:137 |byte is \374 (0xfc)
12:04:51.658524|   DEBUG|            Ptr:137 |byte is \047 (0x27)
12:04:51.658658|   DEBUG|            Ptr:137 |byte is \361 (0xf1)
12:04:51.658806|   DEBUG|            Ptr:137 |byte is \012 (0x0a)
12:04:51.658952|   DEBUG|            Ptr:137 |byte is \032 (0x1a)
12:04:51.659088|   DEBUG|            Ptr:137 |byte is \377 (0xff)
12:04:51.659219|   DEBUG|            Ptr:137 |byte is \375 (0xfd)
12:04:51.659447|   DEBUG|            Ptr:137 |byte is \047 (0x27)
12:04:51.659596|   DEBUG|            Ptr:137 |byte is \361 (0xf1)
12:04:51.659727|   DEBUG|            Ptr:137 |byte is \200 (0x80)
12:04:51.659858|   DEBUG|            Ptr:137 |byte is \011 (0x09)
12:04:51.659988|   DEBUG|            Ptr:137 |byte is \027 (0x17)
12:04:51.660119|   DEBUG|            Ptr:137 |byte is \302 (0xc2)
12:04:51.660249|   DEBUG|            Ptr:137 |byte is \037 (0x1f)
12:04:51.660379|   DEBUG|            Ptr:137 |byte is \311 (0xc9)
12:04:51.660509|   DEBUG|            Ptr:137 |byte is \200 (0x80)
12:04:51.660639|   DEBUG|            Ptr:137 |byte is \011 (0x09)
12:04:51.660769|   DEBUG|            Ptr:137 |byte is \077 (0x3f)
12:04:51.660898|   DEBUG|            Ptr:137 |byte is \360 (0xf0)
12:04:51.661027|   DEBUG|            Ptr:137 |byte is \006 (0x06)
12:04:51.661157|   DEBUG|            Ptr:137 |byte is \003 (0x03)
12:04:51.661286|   DEBUG|            Ptr:137 |byte is \006 (0x06)
12:04:51.661416|   DEBUG|            Ptr:137 |byte is \003 (0x03)
12:04:51.661547|   DEBUG|            Ptr:137 |byte is \006 (0x06)
12:04:51.661677|   DEBUG|            Ptr:137 |byte is \002 (0x02)
12:04:51.661807|   DEBUG|            Ptr:137 |byte is \077 (0x3f)
12:04:51.661937|   DEBUG|            Ptr:137 |byte is \360 (0xf0)
12:04:51.662067|   DEBUG|            Ptr:137 |byte is \227 (0x97)
12:04:51.662197|   DEBUG|            Ptr:137 |byte is \350 (0xe8)
12:04:51.662328|   DEBUG|            Ptr:137 |byte is \037 (0x1f)
12:04:51.662458|   DEBUG|            Ptr:137 |byte is \357 (0xef)
12:04:51.662588|   DEBUG|            Ptr:137 |byte is \002 (0x02)
12:04:51.662830|   DEBUG|            Ptr:137 |byte is \032 (0x1a)
12:04:51.662963|   DEBUG|            Ptr:137 |byte is \205 (0x85)
12:04:51.663094|   DEBUG|            Ptr:137 |byte is \000 (0x00)
12:04:51.663223|   DEBUG|            Ptr:137 |byte is \027 (0x17)
12:04:51.663354|   DEBUG|            Ptr:137 |byte is \362 (0xf2)
12:04:51.663484|   DEBUG|            Ptr:137 |byte is \005 (0x05)
12:04:51.663614|   DEBUG|            Ptr:137 |byte is \000 (0x00)
12:04:51.663745|   DEBUG|            Ptr:137 |byte is \027 (0x17)
12:04:51.663875|   DEBUG|            Ptr:137 |byte is \364 (0xf4)
12:04:51.664006|   DEBUG|            Ptr:137 |byte is \002 (0x02)
12:04:51.664136|   DEBUG|            Ptr:137 |byte is \051 (0x29)
12:04:51.664266|   DEBUG|            Ptr:137 |byte is \227 (0x97)
12:04:51.664397|   DEBUG|            Ptr:137 |byte is \360 (0xf0)
12:04:51.664527|   DEBUG|            Ptr:137 |byte is \004 (0x04)
12:04:51.664656|   DEBUG|            Ptr:137 |byte is \040 (0x20)
12:04:51.664786|   DEBUG|            Ptr:137 |byte is \027 (0x17)
12:04:51.664916|   DEBUG|            Ptr:137 |byte is \370 (0xf8)
12:04:51.665046|   DEBUG|            Ptr:137 |byte is \002 (0x02)
12:04:51.665176|   DEBUG|            Ptr:137 |byte is \033 (0x1b)
12:04:51.665310|   DEBUG|            Ptr:137 |byte is \227 (0x97)
12:04:51.665441|   DEBUG|            Ptr:137 |byte is \360 (0xf0)
12:04:51.665571|   DEBUG|            Ptr:137 |byte is \027 (0x17)
12:04:51.665702|   DEBUG|            Ptr:137 |byte is \370 (0xf8)
12:04:51.665832|   DEBUG|            Ptr:137 |byte is \000 (0x00)
12:04:51.665962|   DEBUG|            Ptr:137 |byte is \044 (0x24)
12:04:51.666226|   DEBUG|            Ptr:137 |byte is \000 (0x00)
12:04:51.666362|   DEBUG|            Ptr:137 |byte is \000 (0x00)
12:04:51.666493|   DEBUG|            Ptr:137 |byte is \000 (0x00)
12:04:51.666624|   DEBUG|            Ptr:137 |byte is \000 (0x00)
12:04:51.666755|   DEBUG|            Ptr:137 |byte is \000 (0x00)
12:04:51.666885|   DEBUG|            Ptr:137 |byte is \000 (0x00)
12:04:51.667015|   DEBUG|            Ptr:137 |byte is \132 (0x5a)
12:04:51.667145|   DEBUG|            Ptr:137 |byte is \000 (0x00)
12:04:51.667276|   DEBUG|            Ptr:137 |byte is \100 (0x40)
12:04:51.667406|   DEBUG|            Ptr:137 |byte is \010 (0x08)
12:04:51.667536|   DEBUG|            Ptr:137 |byte is \001 (0x01)
12:04:51.667665|   DEBUG|            Ptr:137 |byte is \170 (0x78)
12:04:51.667794|   DEBUG|            Ptr:137 |byte is \221 (0x91)
12:04:51.667924|   DEBUG|            Ptr:137 |byte is \000 (0x00)
12:04:51.668054|   DEBUG|            Ptr:137 |byte is \001 (0x01)
12:04:51.668184|   DEBUG|            Ptr:137 |byte is \010 (0x08)
12:04:51.668315|   DEBUG|            Ptr:137 |byte is \002 (0x02)
12:04:51.668444|   DEBUG|            Ptr:137 |byte is \170 (0x78)
12:04:51.668574|   DEBUG|            Ptr:137 |byte is \222 (0x92)
12:04:51.668705|   DEBUG|            Ptr:137 |byte is \000 (0x00)
12:04:51.668835|   DEBUG|            Ptr:137 |byte is \002 (0x02)
12:04:51.668965|   DEBUG|            Ptr:137 |byte is \210 (0x88)
12:04:51.669095|   DEBUG|            Ptr:137 |byte is \000 (0x00)
12:04:51.669226|   DEBUG|            Ptr:137 |byte is \170 (0x78)
12:04:51.669464|   DEBUG|            Ptr:137 |byte is \220 (0x90)
12:04:51.669603|   DEBUG|            Ptr:137 |byte is \000 (0x00)
12:04:51.669734|   DEBUG|            Ptr:137 |byte is \003 (0x03)
12:04:51.669863|   DEBUG|            Ptr:137 |byte is \210 (0x88)
12:04:51.669993|   DEBUG|            Ptr:137 |byte is \001 (0x01)
12:04:51.670122|   DEBUG|            Ptr:137 |byte is \170 (0x78)
12:04:51.670252|   DEBUG|            Ptr:137 |byte is \223 (0x93)
12:04:51.670382|   DEBUG|            Ptr:137 |byte is \000 (0x00)
12:04:51.670512|   DEBUG|            Ptr:137 |byte is \004 (0x04)
12:04:51.670642|   DEBUG|            Ptr:137 |byte is \020 (0x10)
12:04:51.670772|   DEBUG|            Ptr:137 |byte is \116 (0x4e)
12:04:51.670901|   DEBUG|            Ptr:137 |byte is \000 (0x00)
12:04:51.671031|   DEBUG|            Ptr:137 |byte is \005 (0x05)
12:04:51.671161|   DEBUG|            Ptr:137 |byte is \040 (0x20)
12:04:51.671291|   DEBUG|            Ptr:137 |byte is \217 (0x8f)
12:04:51.671421|   DEBUG|            Ptr:137 |byte is \200 (0x80)
12:04:51.671551|   DEBUG|            Ptr:137 |byte is \001 (0x01)
12:04:51.671681|   DEBUG|            Ptr:137 |byte is \140 (0x60)
12:04:51.671811|   DEBUG|            Ptr:137 |byte is \217 (0x8f)
12:04:51.671940|   DEBUG|            Ptr:137 |byte is \200 (0x80)
12:04:51.672069|   DEBUG|            Ptr:137 |byte is \001 (0x01)
12:04:51.672199|   DEBUG|            Ptr:137 |byte is \050 (0x28)
12:04:51.672327|   DEBUG|            Ptr:137 |byte is \217 (0x8f)
12:04:51.672457|   DEBUG|            Ptr:137 |byte is \140 (0x60)
12:04:51.672586|   DEBUG|            Ptr:137 |byte is \217 (0x8f)
12:04:51.672836|   DEBUG|            Ptr:137 |byte is \140 (0x60)
12:04:51.672969|   DEBUG|            Ptr:137 |byte is \225 (0x95)
12:04:51.673100|   DEBUG|            Ptr:137 |byte is \060 (0x30)
12:04:51.673230|   DEBUG|            Ptr:137 |byte is \225 (0x95)
12:04:51.673360|   DEBUG|            Ptr:137 |byte is \200 (0x80)
12:04:51.673490|   DEBUG|            Ptr:137 |byte is \000 (0x00)
12:04:51.673620|   DEBUG|            Ptr:137 |byte is \140 (0x60)
12:04:51.673754|   DEBUG|            Ptr:137 |byte is \225 (0x95)
12:04:51.673885|   DEBUG|            Ptr:137 |byte is \060 (0x30)
12:04:51.674015|   DEBUG|            Ptr:137 |byte is \225 (0x95)
12:04:51.674145|   DEBUG|            Ptr:137 |byte is \000 (0x00)
12:04:51.674275|   DEBUG|            Ptr:137 |byte is \006 (0x06)
12:04:51.674404|   DEBUG|            Ptr:137 |byte is \070 (0x38)
12:04:51.674533|   DEBUG|            Ptr:137 |byte is \214 (0x8c)
12:04:51.674662|   DEBUG|            Ptr:137 |byte is \140 (0x60)
12:04:51.674792|   DEBUG|            Ptr:137 |byte is \223 (0x93)
12:04:51.674921|   DEBUG|            Ptr:137 |byte is \110 (0x48)
12:04:51.675051|   DEBUG|            Ptr:137 |byte is \221 (0x91)
12:04:51.675181|   DEBUG|            Ptr:137 |byte is \170 (0x78)
12:04:51.675310|   DEBUG|            Ptr:137 |byte is \221 (0x91)
12:04:51.675440|   DEBUG|            Ptr:137 |byte is \000 (0x00)
12:04:51.675570|   DEBUG|            Ptr:137 |byte is \007 (0x07)
12:04:51.675700|   DEBUG|            Ptr:137 |byte is \010 (0x08)
12:04:51.675830|   DEBUG|            Ptr:137 |byte is \123 (0x53)
12:04:51.675960|   DEBUG|            Ptr:137 |byte is \120 (0x50)
12:04:51.676210|   DEBUG|            Ptr:137 |byte is \226 (0x96)
12:04:51.676344|   DEBUG|            Ptr:137 |byte is \170 (0x78)
12:04:51.676475|   DEBUG|            Ptr:137 |byte is \230 (0x98)
12:04:51.676606|   DEBUG|            Ptr:137 |byte is \000 (0x00)
12:04:51.676736|   DEBUG|            Ptr:137 |byte is \010 (0x08)
12:04:51.676865|   DEBUG|            Ptr:137 |byte is \010 (0x08)
12:04:51.676995|   DEBUG|            Ptr:137 |byte is \123 (0x53)
12:04:51.677124|   DEBUG|            Ptr:137 |byte is \130 (0x58)
12:04:51.677254|   DEBUG|            Ptr:137 |byte is \227 (0x97)
12:04:51.677384|   DEBUG|            Ptr:137 |byte is \170 (0x78)
12:04:51.677514|   DEBUG|            Ptr:137 |byte is \231 (0x99)
12:04:51.677644|   DEBUG|            Ptr:137 |byte is \000 (0x00)
12:04:51.677775|   DEBUG|            Ptr:137 |byte is \011 (0x09)
12:04:51.677905|   DEBUG|            Ptr:137 |byte is \200 (0x80)
12:04:51.678035|   DEBUG|            Ptr:137 |byte is \001 (0x01)
12:04:51.678164|   DEBUG|            Ptr:137 |byte is \150 (0x68)
12:04:51.678295|   DEBUG|            Ptr:137 |byte is \221 (0x91)
12:04:51.678424|   DEBUG|            Ptr:137 |byte is \170 (0x78)
12:04:51.678554|   DEBUG|            Ptr:137 |byte is \221 (0x91)
12:04:51.678684|   DEBUG|            Ptr:137 |byte is \000 (0x00)
12:04:51.678814|   DEBUG|            Ptr:137 |byte is \012 (0x0a)
12:04:51.678943|   DEBUG|            Ptr:137 |byte is \140 (0x60)
12:04:51.679073|   DEBUG|            Ptr:137 |byte is \223 (0x93)
12:04:51.679202|   DEBUG|            Ptr:137 |byte is \150 (0x68)
12:04:51.679332|   DEBUG|            Ptr:137 |byte is \221 (0x91)
12:04:51.679578|   DEBUG|            Ptr:137 |byte is \170 (0x78)
12:04:51.679709|   DEBUG|            Ptr:137 |byte is \220 (0x90)
12:04:51.679839|   DEBUG|            Ptr:137 |byte is \000 (0x00)
12:04:51.679969|   DEBUG|            Ptr:137 |byte is \013 (0x0b)
12:04:51.680099|   DEBUG|            Ptr:137 |byte is \200 (0x80)
12:04:51.680229|   DEBUG|            Ptr:137 |byte is \010 (0x08)
12:04:51.680360|   DEBUG|            Ptr:137 |byte is \200 (0x80)
12:04:51.680489|   DEBUG|            Ptr:137 |byte is \001 (0x01)
12:04:51.680619|   DEBUG|            Ptr:137 |byte is \200 (0x80)
12:04:51.680748|   DEBUG|            Ptr:137 |byte is \004 (0x04)
12:04:51.680878|   DEBUG|            Ptr:137 |byte is \170 (0x78)
12:04:51.681007|   DEBUG|            Ptr:137 |byte is \221 (0x91)
12:04:51.681137|   DEBUG|            Ptr:137 |byte is \000 (0x00)
12:04:51.681266|   DEBUG|            Ptr:137 |byte is \014 (0x0c)
12:04:51.681396|   DEBUG|            Ptr:137 |byte is \200 (0x80)
12:04:51.681525|   DEBUG|            Ptr:137 |byte is \002 (0x02)
12:04:51.681655|   DEBUG|            Ptr:137 |byte is \170 (0x78)
12:04:51.681785|   DEBUG|            Ptr:137 |byte is \224 (0x94)
12:04:51.681914|   DEBUG|            Ptr:137 |byte is \000 (0x00)
12:04:51.682048|   DEBUG|            Ptr:137 |byte is \015 (0x0d)
12:04:51.682179|   DEBUG|            Ptr:137 |byte is \200 (0x80)
12:04:51.682309|   DEBUG|            Ptr:137 |byte is \003 (0x03)
12:04:51.682439|   DEBUG|            Ptr:137 |byte is \170 (0x78)
12:04:51.682569|   DEBUG|            Ptr:137 |byte is \223 (0x93)
12:04:51.682810|   DEBUG|            Ptr:137 |byte is \000 (0x00)
12:04:51.682947|   DEBUG|            Ptr:137 |byte is \016 (0x0e)
12:04:51.683077|   DEBUG|            Ptr:137 |byte is \200 (0x80)
12:04:51.683208|   DEBUG|            Ptr:137 |byte is \004 (0x04)
12:04:51.683337|   DEBUG|            Ptr:137 |byte is \170 (0x78)
12:04:51.683467|   DEBUG|            Ptr:137 |byte is \220 (0x90)
12:04:51.683596|   DEBUG|            Ptr:137 |byte is \000 (0x00)
12:04:51.683725|   DEBUG|            Ptr:137 |byte is \017 (0x0f)
12:04:51.683855|   DEBUG|            Ptr:137 |byte is \200 (0x80)
12:04:51.683985|   DEBUG|            Ptr:137 |byte is \005 (0x05)
12:04:51.684114|   DEBUG|            Ptr:137 |byte is \170 (0x78)
12:04:51.684244|   DEBUG|            Ptr:137 |byte is \221 (0x91)
12:04:51.684374|   DEBUG|            Ptr:137 |byte is \000 (0x00)
12:04:51.684504|   DEBUG|            Ptr:137 |byte is \020 (0x10)
12:04:51.684634|   DEBUG|            Ptr:137 |byte is \200 (0x80)
12:04:51.684764|   DEBUG|            Ptr:137 |byte is \001 (0x01)
12:04:51.684894|   DEBUG|            Ptr:137 |byte is \200 (0x80)
12:04:51.685024|   DEBUG|            Ptr:137 |byte is \006 (0x06)
12:04:51.685153|   DEBUG|            Ptr:137 |byte is \170 (0x78)
12:04:51.685283|   DEBUG|            Ptr:137 |byte is \220 (0x90)
12:04:51.685412|   DEBUG|            Ptr:137 |byte is \000 (0x00)
12:04:51.685542|   DEBUG|            Ptr:137 |byte is \021 (0x11)
12:04:51.685671|   DEBUG|            Ptr:137 |byte is \200 (0x80)
12:04:51.685801|   DEBUG|            Ptr:137 |byte is \010 (0x08)
12:04:51.685930|   DEBUG|            Ptr:137 |byte is \200 (0x80)
12:04:51.686179|   DEBUG|            Ptr:137 |byte is \020 (0x10)
12:04:51.686313|   DEBUG|            Ptr:137 |byte is \010 (0x08)
12:04:51.686445|   DEBUG|            Ptr:137 |byte is \001 (0x01)
12:04:51.686575|   DEBUG|            Ptr:137 |byte is \200 (0x80)
12:04:51.686705|   DEBUG|            Ptr:137 |byte is \011 (0x09)
12:04:51.686836|   DEBUG|            Ptr:137 |byte is \170 (0x78)
12:04:51.686966|   DEBUG|            Ptr:137 |byte is \220 (0x90)
12:04:51.687096|   DEBUG|            Ptr:137 |byte is \000 (0x00)
12:04:51.687226|   DEBUG|            Ptr:137 |byte is \022 (0x12)
12:04:51.687356|   DEBUG|            Ptr:137 |byte is \200 (0x80)
12:04:51.687486|   DEBUG|            Ptr:137 |byte is \030 (0x18)
12:04:51.687616|   DEBUG|            Ptr:137 |byte is \000 (0x00)
12:04:51.687746|   DEBUG|            Ptr:137 |byte is \000 (0x00)
12:04:51.687876|   DEBUG|            Ptr:137 |byte is \000 (0x00)
12:04:51.688005|   DEBUG|            Ptr:137 |byte is \000 (0x00)
12:04:51.688134|   DEBUG|            Ptr:137 |byte is \200 (0x80)
12:04:51.688263|   DEBUG|            Ptr:137 |byte is \000 (0x00)
12:04:51.688393|   DEBUG|            Ptr:137 |byte is \220 (0x90)
12:04:51.688522|   DEBUG|            Ptr:137 |byte is \214 (0x8c)
12:04:51.688652|   DEBUG|            Ptr:137 |byte is \000 (0x00)
12:04:51.688782|   DEBUG|            Ptr:137 |byte is \000 (0x00)
12:04:51.688912|   DEBUG|            Ptr:137 |byte is \000 (0x00)
12:04:51.689043|   DEBUG|            Ptr:137 |byte is \000 (0x00)
12:04:51.689173|   DEBUG|            Ptr:137 |byte is \000 (0x00)
12:04:51.689303|   DEBUG|            Ptr:137 |byte is \001 (0x01)
12:04:51.689551|   DEBUG|            Ptr:137 |byte is \000 (0x00)
12:04:51.689683|   DEBUG|            Ptr:137 |byte is \002 (0x02)
12:04:51.689814|   DEBUG|            Ptr:137 |byte is \377 (0xff)
12:04:51.689945|   DEBUG|            Ptr:137 |byte is \377 (0xff)
12:04:51.690075|   DEBUG|            Ptr:137 |byte is \377 (0xff)
12:04:51.690205|   DEBUG|            Ptr:137 |byte is \376 (0xfe)
12:04:51.690334|   DEBUG|            Ptr:137 |byte is \377 (0xff)
12:04:51.690468|   DEBUG|            Ptr:137 |byte is \376 (0xfe)
12:04:51.690599|   DEBUG|            Ptr:137 |byte is \000 (0x00)
12:04:51.690729|   DEBUG|            Ptr:137 |byte is \157 (0x6f)
12:04:51.690859|   DEBUG|            Ptr:137 |byte is \001 (0x01)
12:04:51.690989|   DEBUG|            Ptr:137 |byte is \334 (0xdc)
12:04:51.691119|   DEBUG|            Ptr:137 |byte is \000 (0x00)
12:04:51.691248|   DEBUG|            Ptr:137 |byte is \177 (0x7f)
12:04:51.691379|   DEBUG|            Ptr:137 |byte is \001 (0x01)
12:04:51.691509|   DEBUG|            Ptr:137 |byte is \217 (0x8f)
12:04:51.691639|   DEBUG|            Ptr:137 |byte is \121 (0x51)
12:04:51.691768|   DEBUG|            Ptr:137 |byte is \103 (0x43)
12:04:51.691898|   DEBUG|            Ptr:137 |byte is \001 (0x01)
12:04:51.692028|   DEBUG|            Ptr:137 |byte is \377 (0xff)
12:04:51.692158|   DEBUG|            Ptr:137 |byte is \377 (0xff)
12:04:51.692286|   DEBUG|            Ptr:106 |GOT EOF ON READ
12:04:51.692340|   DEBUG|            Ptr:137 |byte is \377 (0xff)
