Case #1: 1.00000000 6.00000000
Case #2: 0.00000000 1.00000000
Case #3: 3.36340601 1.00000000
Case #4: 0.35355339 7.13333333
Case #5: 1800.00000000 0.00000000
Case #6: 1635.19188476 0.00000000
Case #7: 837.81709221 0.00000000
Case #8: 1539.62481225 0.00000000
Case #9: 1073.13967657 0.00000000
Case #10: 850.90675491 0.00000000
Case #11: 0.00000000 0.00000000
Case #12: 0.00000000 -0.00000000
Case #13: 0.00000000 -0.00000000
Case #14: 0.00000000 -0.00000000
Case #15: 0.00000000 -0.00000000
Case #16: 0.00000000 -0.00000000
Case #17: 0.00000000 0.60000000
Case #18: 0.00000000 0.85000000
Case #19: 0.00000000 1.53846154
Case #20: 0.00000000 0.84615385
Case #21: 0.00000000 0.50000000
Case #22: 0.00000000 0.44444444
Case #23: 0.00000000 5.33333333
Case #24: 0.00000000 18.00000000
Case #25: 0.00000000 1.70000000
Case #26: 0.00000000 0.66666667
Case #27: 0.00000000 0.83333333
Case #28: 0.00000000 1.00000000
Case #29: 0.00000000 0.33333333
Case #30: 77.73024092 12.31593486
Case #31: 16.04242657 10.17860988
Case #32: 8.39464663 3.25641210
Case #33: 3.49507111 1.90035167
Case #34: 23.94992612 5.04546658
Case #35: 26.91400106 2.93314319
Case #36: 52.09367708 3.21518977
Case #37: 50.56950197 5.05042305
Case #38: 29.54899134 1.25334531
Case #39: 28.02708195 3.81493084
Case #40: 51.95756482 5.44397360
Case #41: 12.23752116 1.82172904
Case #42: 107.26581677 17.50613920
Case #43: 0.00000000 -1.25000000
Case #44: 0.00000000 -0.57142857
Case #45: 0.00000000 -0.66666667
Case #46: 0.00000000 -0.28571429
Case #47: 0.00000000 -1.00000000
Case #48: 0.00000000 -4.50000000
Case #49: 0.00000000 -1.66666667
Case #50: 0.00000000 -3.00000000
Case #51: 0.00000000 -1.28571429
Case #52: 0.00000000 -1.80000000
Case #53: 1.53145973 -0.92307692
Case #54: 1.03002107 0.67924528
Case #55: 1.78401683 0.45000000
Case #56: 4.44191627 -0.10077519
Case #57: 5.51620988 -1.07142857
Case #58: 5.88090815 -0.79354839
Case #59: 5.00096363 -2.00907029
Case #60: 4.52440989 -0.50848235
Case #61: 6.13269008 -0.49438202
Case #62: 10.61501594 0.37390181
Case #63: 2.61246892 -0.22647345
Case #64: 2.79372784 -0.66820886
Case #65: 8.51473335 1.35499316
Case #66: 10.97316868 -1.36507937
Case #67: 2.34226251 -0.11255539
Case #68: 19.06865794 0.73374051
Case #69: 10.44916422 0.59778470
Case #70: 17.92394298 0.00730244
Case #71: 21.84129575 -0.24499165
Case #72: 7.74964901 0.00073905
Case #73: 7.40466522 0.00025754
Case #74: 4.50215344 -0.00194719
Case #75: 13.18655435 0.00694880
Case #76: 7.92589230 0.01303967
Case #77: 236.35899429 -4.00420728
Case #78: 555.01296087 -58.85347304
Case #79: 1152.71430104 19.71378825
Case #80: 1586.99281740 -107.87091757
Case #81: 2221.65241024 46.75659824
Case #82: 649.57182384 0.10257802
Case #83: 1245.26935399 -0.17625742
Case #84: 27.47239187 -0.03160627
Case #85: 67.01248993 0.00148185
Case #86: 195.79288393 -0.12935427
Case #87: 734.46542373 0.45659875
Case #88: 59.60743351 0.00726591
Case #89: 1694.09057443 3.17491562
Case #90: 360.11137936 -0.77489290
Case #91: 889.05563439 -0.08440508
Case #92: 462.03157115 -0.27192053
Case #93: 196.37988387 0.01335906
Case #94: 998.05088252 -0.40733385
Case #95: 990.11893859 -0.29981491
Case #96: 2353.40716510 -0.26364647
Case #97: 425.34060472 -0.49414494
Case #98: 1171.76779291 -3.52866506
Case #99: 128.32043708 -0.06289588
Case #100: 415.57889893 -1.81767980
